This file contains any messages produced by compilers while
running configure, to aid debugging if configure makes a mistake.

It was created by rogauracore configure 1.4, which was
generated by GNU Autoconf 2.71.  Invocation command line was

  $ ./configure

## --------- ##
## Platform. ##
## --------- ##

hostname = ArchBTW
uname -m = x86_64
uname -r = 5.11.10-zen1-1-zen
uname -s = Linux
uname -v = #1 ZEN SMP PREEMPT Fri, 26 Mar 2021 00:11:32 +0000

/usr/bin/uname -p = unknown
/bin/uname -X     = unknown

/bin/arch              = unknown
/usr/bin/arch -k       = unknown
/usr/convex/getsysinfo = unknown
/usr/bin/hostinfo      = unknown
/bin/machine           = unknown
/usr/bin/oslevel       = unknown
/bin/universe          = unknown

PATH: /home/jonesad/.cargo/bin/
PATH: /home/jonesad/.src/Discord/
PATH: /home/jonesad/.scripts/
PATH: 
CRIPTS_FOLDER/lemon/
PATH: /home/jonesad/.scripts/dmenu/
PATH: /home/jonesad/.local/bin/
PATH: /usr/local/bin/
PATH: /usr/bin/
PATH: /bin/
PATH: /usr/local/sbin/
PATH: /usr/lib/jvm/default/bin/
PATH: /usr/bin/site_perl/
PATH: /usr/bin/vendor_perl/
PATH: /usr/bin/core_perl/


## ----------- ##
## Core tests. ##
## ----------- ##

configure:2352: looking for aux files: compile missing install-sh
configure:2365:  trying ./config/
configure:2394:   ./config/compile found
configure:2394:   ./config/missing found
configure:2376:   ./config/install-sh found
configure:2527: checking for a BSD-compatible install
configure:2600: result: /usr/bin/install -c
configure:2611: checking whether build environment is sane
configure:2666: result: yes
configure:2825: checking for a race-free mkdir -p
configure:2869: result: /usr/bin/mkdir -p
configure:2876: checking for gawk
configure:2897: found /usr/bin/gawk
configure:2908: result: gawk
configure:2919: checking whether make sets $(MAKE)
configure:2942: result: yes
configure:2972: checking whether make supports nested variables
configure:2990: result: yes
configure:3177: checking for gcc
configure:3198: found /usr/bin/gcc
configure:3209: result: gcc
configure:3562: checking for C compiler version
configure:3571: gcc --version >&5
gcc (GCC) 10.2.0
Copyright (C) 2020 Free Software Foundation, Inc.
This is free software; see the source for copying conditions.  There is NO
warranty; not even for MERCHANTABILITY or FITNESS FOR A PARTICULAR PURPOSE.

configure:3582: $? = 0
configure:3571: gcc -v >&5
Using built-in specs.
COLLECT_GCC=gcc
COLLECT_LTO_WRAPPER=/usr/lib/gcc/x86_64-pc-linux-gnu/10.2.0/lto-wrapper
Target: x86_64-pc-linux-gnu
Configured with: /build/gcc/src/gcc/configure --prefix=/usr --libdir=/usr/lib --libexecdir=/usr/lib --mandir=/usr/share/man --infodir=/usr/share/info --with-bugurl=https://bugs.archlinux.org/ --enable-languages=c,c++,ada,fortran,go,lto,objc,obj-c++,d --with-isl --with-linker-hash-style=gnu --with-system-zlib --enable-__cxa_atexit --enable-cet=auto --enable-checking=release --enable-clocale=gnu --enable-default-pie --enable-default-ssp --enable-gnu-indirect-function --enable-gnu-unique-object --enable-install-libiberty --enable-linker-build-id --enable-lto --enable-multilib --enable-plugin --enable-shared --enable-threads=posix --disable-libssp --disable-libstdcxx-pch --disable-libunwind-exceptions --disable-werror gdc_include_dir=/usr/include/dlang/gdc
Thread model: posix
Supported LTO compression algorithms: zlib zstd
gcc version 10.2.0 (GCC) 
configure:3582: $? = 0
configure:3571: gcc -V >&5
gcc: error: unrecognized command-line option '-V'
gcc: fatal error: no input files
compilation terminated.
configure:3582: $? = 1
configure:3571: gcc -qversion >&5
gcc: error: unrecognized command-line option '-qversion'; did you mean '--version'?
gcc: fatal error: no input files
compilation terminated.
configure:3582: $? = 1
configure:3571: gcc -version >&5
gcc: error: unrecognized command-line option '-version'
gcc: fatal error: no input files
compilation terminated.
configure:3582: $? = 1
configure:3602: checking whether the C compiler works
configure:3624: gcc    conftest.c  >&5
configure:3628: $? = 0
configure:3678: result: yes
configure:3681: checking for C compiler default output file name
configure:3683: result: a.out
configure:3689: checking for suffix of executables
configure:3696: gcc -o conftest    conftest.c  >&5
configure:3700: $? = 0
configure:3723: result: 
configure:3745: checking whether we are cross compiling
configure:3753: gcc -o conftest    conftest.c  >&5
configure:3757: $? = 0
configure:3764: ./conftest
configure:3768: $? = 0
configure:3783: result: no
configure:3788: checking for suffix of object files
configure:3811: gcc -c   conftest.c >&5
configure:3815: $? = 0
configure:3837: result: o
configure:3841: checking whether the compiler supports GNU C
configure:3861: gcc -c   conftest.c >&5
configure:3861: $? = 0
configure:3871: result: yes
configure:3882: checking whether gcc accepts -g
configure:3903: gcc -c -g  conftest.c >&5
configure:3903: $? = 0
configure:3947: result: yes
configure:3967: checking for gcc option to enable C11 features
configure:3982: gcc  -c -g -O2  conftest.c >&5
configure:3982: $? = 0
configure:4000: result: none needed
configure:4116: checking whether gcc understands -c and -o together
configure:4139: gcc -c conftest.c -o conftest2.o
configure:4142: $? = 0
configure:4139: gcc -c conftest.c -o conftest2.o
configure:4142: $? = 0
configure:4154: result: yes
configure:4174: checking whether make supports the include directive
configure:4189: make -f confmf.GNU && cat confinc.out
this is the am__doit target
configure:4192: $? = 0
configure:4211: result: yes (GNU style)
configure:4237: checking dependency style of gcc
configure:4349: result: gcc3
configure:4382: Could not detect udev rules directory, using default
configure:4386: result: Using udev rules directory: /lib/udev
configure:4396: checking for udevadm
configure:4419: found /sbin/udevadm
configure:4432: result: /sbin/udevadm
configure:4442: checking for udevinfo
configure:4478: result: false
configure:4496: checking for library containing libusb_init
configure:4526: gcc -o conftest -g -O2   conftest.c  >&5
/usr/bin/ld: /tmp/ccZ69rEE.o: in function `main':
/home/jonesad/rogauracore/conftest.c:19: undefined reference to `libusb_init'
collect2: error: ld returned 1 exit status
configure:4526: $? = 1
configure: failed program was:
| /* confdefs.h */
| #define PACKAGE_NAME "rogauracore"
| #define PACKAGE_TARNAME "rogauracore"
| #define PACKAGE_VERSION "1.4"
| #define PACKAGE_STRING "rogauracore 1.4"
| #define PACKAGE_BUGREPORT "wildwilhelm@gmail.com"
| #define PACKAGE_URL ""
| #define PACKAGE "rogauracore"
| #define VERSION "1.4"
| /* end confdefs.h.  */
| 
| /* Override any GCC internal prototype to avoid an error.
|    Use char because int might match the return type of a GCC
|    builtin and then its argument prototype would still apply.  */
| char libusb_init ();
| int
| main (void)
| {
| return libusb_init ();
|   ;
|   return 0;
| }
configure:4526: gcc -o conftest -g -O2   conftest.c -lusb-1.0   >&5
configure:4526: $? = 0
configure:4546: result: -lusb-1.0
configure:4563: checking for stdio.h
configure:4563: gcc -c -g -O2  conftest.c >&5
configure:4563: $? = 0
configure:4563: result: yes
configure:4563: checking for stdlib.h
configure:4563: gcc -c -g -O2  conftest.c >&5
configure:4563: $? = 0
configure:4563: result: yes
configure:4563: checking for string.h
configure:4563: gcc -c -g -O2  conftest.c >&5
configure:4563: $? = 0
configure:4563: result: yes
configure:4563: checking for inttypes.h
configure:4563: gcc -c -g -O2  conftest.c >&5
configure:4563: $? = 0
configure:4563: result: yes
configure:4563: checking for stdint.h
configure:4563: gcc -c -g -O2  conftest.c >&5
configure:4563: $? = 0
configure:4563: result: yes
configure:4563: checking for strings.h
configure:4563: gcc -c -g -O2  conftest.c >&5
configure:4563: $? = 0
configure:4563: result: yes
configure:4563: checking for sys/stat.h
configure:4563: gcc -c -g -O2  conftest.c >&5
configure:4563: $? = 0
configure:4563: result: yes
configure:4563: checking for sys/types.h
configure:4563: gcc -c -g -O2  conftest.c >&5
configure:4563: $? = 0
configure:4563: result: yes
configure:4563: checking for unistd.h
configure:4563: gcc -c -g -O2  conftest.c >&5
configure:4563: $? = 0
configure:4563: result: yes
configure:4588: checking for grep that handles long lines and -e
configure:4652: result: /usr/bin/grep
configure:4660: checking for egrep
configure:4728: result: /usr/bin/grep -E
configure:4734: checking for libusb-1.0/libusb.h
configure:4734: gcc -c -g -O2  conftest.c >&5
configure:4734: $? = 0
configure:4734: result: yes
configure:4741: checking for errno.h
configure:4741: gcc -c -g -O2  conftest.c >&5
configure:4741: $? = 0
configure:4741: result: yes
configure:4747: checking for stdint.h
configure:4747: result: yes
configure:4753: checking for stdlib.h
configure:4753: result: yes
configure:4759: checking for string.h
configure:4759: result: yes
configure:4765: checking for strings.h
configure:4765: result: yes
configure:4771: checking for unistd.h
configure:4771: result: yes
configure:4780: checking for uint16_t
configure:4780: gcc -c -g -O2  conftest.c >&5
configure:4780: $? = 0
configure:4780: result: yes
configure:4790: checking for uint32_t
configure:4790: gcc -c -g -O2  conftest.c >&5
configure:4790: $? = 0
configure:4790: result: yes
configure:4802: checking for uint8_t
configure:4802: gcc -c -g -O2  conftest.c >&5
configure:4802: $? = 0
configure:4802: result: yes
configure:4816: checking for memset
configure:4816: gcc -o conftest -g -O2   conftest.c -lusb-1.0  >&5
conftest.c:44:6: warning: conflicting types for built-in function 'memset'; expected 'void *(void *, int,  long unsigned int)' [-Wbuiltin-declaration-mismatch]
   44 | char memset ();
      |      ^~~~~~
conftest.c:36:1: note: 'memset' is declared in header '<string.h>'
   35 | #include <limits.h>
   36 | #undef memset
configure:4816: $? = 0
configure:4816: result: yes
configure:4822: checking for strtol
configure:4822: gcc -o conftest -g -O2   conftest.c -lusb-1.0  >&5
configure:4822: $? = 0
configure:4822: result: yes
configure:4943: checking that generated files are newer than configure
configure:4949: result: done
configure:4976: creating ./config.status

## ---------------------- ##
## Running config.status. ##
## ---------------------- ##

This file was extended by rogauracore config.status 1.4, which was
generated by GNU Autoconf 2.71.  Invocation command line was

  CONFIG_FILES    = 
  CONFIG_HEADERS  = 
  CONFIG_LINKS    = 
  CONFIG_COMMANDS = 
  $ ./config.status 

on ArchBTW

config.status:862: creating Makefile
config.status:862: creating config.h
config.status:1091: executing depfiles commands
config.status:1168: cd .       && sed -e '/# am--include-marker/d' Makefile         | make -f - am--depfiles
config.status:1173: $? = 0

## ---------------- ##
## Cache variables. ##
## ---------------- ##


## ----------------- ##
## Output variables. ##
## ----------------- ##

ACLOCAL='${SHELL} '\''/home/jonesad/rogauracore/config/missing'\'' aclocal-1.16'
AMDEPBACKSLASH='\'
AMDEP_FALSE='#'
AMDEP_TRUE=''
AMTAR='$${TAR-tar}'
AM_BACKSLASH='\'
AM_DEFAULT_V='$(AM_DEFAULT_VERBOSITY)'
AM_DEFAULT_VERBOSITY='1'
AM_V='$(V)'
AUTOCONF='${SHELL} '\''/home/jonesad/rogauracore/config/missing'\'' autoconf'
AUTOHEADER='${SHELL} '\''/home/jonesad/rogauracore/config/missing'\'' autoheader'
AUTOMAKE='${SHELL} '\''/home/jonesad/rogauracore/config/missing'\'' automake-1.16'
AWK='gawk'
CC='gcc'
CCDEPMODE='depmode=gcc3'
CFLAGS='-g -O2'
CPPFLAGS=''
CYGPATH_W='echo'
DEFS='-DHAVE_CONFIG_H'
DEPDIR='.deps'
ECHO_C=''
ECHO_N='-n'
ECHO_T=''
EGREP='/usr/bin/grep -E'
EXEEXT=''
GREP='/usr/bin/grep'
INSTALL_DATA='${INSTALL} -m 644'
INSTALL_PROGRAM='${INSTALL}'
INSTALL_SCRIPT='${INSTALL}'
INSTALL_STRIP_PROGRAM='$(install_sh) -c -s'
INSTALL_UDEV_RULES_FALSE='#'
INSTALL_UDEV_RULES_TRUE=''
LDFLAGS=''
LIBOBJS=''
LIBS='-lusb-1.0 '
LTLIBOBJS=''
MAKEINFO='${SHELL} '\''/home/jonesad/rogauracore/config/missing'\'' makeinfo'
MKDIR_P='/usr/bin/mkdir -p'
OBJEXT='o'
PACKAGE='rogauracore'
PACKAGE_BUGREPORT='wildwilhelm@gmail.com'
PACKAGE_NAME='rogauracore'
PACKAGE_STRING='rogauracore 1.4'
PACKAGE_TARNAME='rogauracore'
PACKAGE_URL=''
PACKAGE_VERSION='1.4'
PATH_SEPARATOR=':'
SET_MAKE=''
SHELL='/bin/sh'
STRIP=''
UDEVADM='/sbin/udevadm'
UDEVINFO='false'
UDEV_RULE_SUFFIX=''
VERSION='1.4'
WITH_UDEV='yes'
ac_ct_CC='gcc'
am__EXEEXT_FALSE=''
am__EXEEXT_TRUE='#'
am__fastdepCC_FALSE='#'
am__fastdepCC_TRUE=''
am__include='include'
am__isrc=''
am__leading_dot='.'
am__nodep='_no'
am__quote=''
am__tar='$${TAR-tar} chof - "$$tardir"'
am__untar='$${TAR-tar} xf -'
bindir='${exec_prefix}/bin'
build_alias=''
datadir='${datarootdir}'
datarootdir='${prefix}/share'
docdir='${datarootdir}/doc/${PACKAGE_TARNAME}'
dvidir='${docdir}'
exec_prefix='${prefix}'
host_alias=''
htmldir='${docdir}'
includedir='${prefix}/include'
infodir='${datarootdir}/info'
install_sh='${SHELL} /home/jonesad/rogauracore/config/install-sh'
libdir='${exec_prefix}/lib'
libexecdir='${exec_prefix}/libexec'
localedir='${datarootdir}/locale'
localstatedir='${prefix}/var'
mandir='${datarootdir}/man'
mkdir_p='$(MKDIR_P)'
oldincludedir='/usr/include'
pdfdir='${docdir}'
prefix='/usr/local'
program_transform_name='s,x,x,'
psdir='${docdir}'
runstatedir='${localstatedir}/run'
sbindir='${exec_prefix}/sbin'
sharedstatedir='${prefix}/com'
sysconfdir='${prefix}/etc'
target_alias=''
udevdir='/lib/udev'
udevrulesdir='/lib/udev/rules.d'

## ----------- ##
## confdefs.h. ##
## ----------- ##

/* confdefs.h */
#define PACKAGE_NAME "rogauracore"
#define PACKAGE_TARNAME "rogauracore"
#define PACKAGE_VERSION "1.4"
#define PACKAGE_STRING "rogauracore 1.4"
#define PACKAGE_BUGREPORT "wildwilhelm@gmail.com"
#define PACKAGE_URL ""
#define PACKAGE "rogauracore"
#define VERSION "1.4"
#define HAVE_STDIO_H 1
#define HAVE_STDLIB_H 1
#define HAVE_STRING_H 1
#define HAVE_INTTYPES_H 1
#define HAVE_STDINT_H 1
#define HAVE_STRINGS_H 1
#define HAVE_SYS_STAT_H 1
#define HAVE_SYS_TYPES_H 1
#define HAVE_UNISTD_H 1
#define STDC_HEADERS 1
#define HAVE_LIBUSB_1_0_LIBUSB_H 1
#define HAVE_ERRNO_H 1
#define HAVE_STDINT_H 1
#define HAVE_STDLIB_H 1
#define HAVE_STRING_H 1
#define HAVE_STRINGS_H 1
#define HAVE_UNISTD_H 1
#define HAVE_MEMSET 1
#define HAVE_STRTOL 1

configure: exit 0
